# JRE version: Java(TM) SE Runtime Environment (8.0_65-b17) (build 1.8.0_65-b17)
# Java VM: Java HotSpot(TM) 64-Bit Server VM (25.65-b01 mixed mode windows-amd64 compressed oops)
Heap:
 PSYoungGen      total 114688K, used 8407K [0x0000000740400000, 0x0000000748400000, 0x00000007c0000000)
  eden space 98304K, 8% used [0x0000000740400000,0x0000000740c35cf0,0x0000000746400000)
  from space 16384K, 0% used [0x0000000746400000,0x0000000746400000,0x0000000747400000)
  to   space 16384K, 0% used [0x0000000747400000,0x0000000747400000,0x0000000748400000)
 ParOldGen       total 109568K, used 10801K [0x0000000640c00000, 0x0000000647700000, 0x0000000740400000)
  object space 109568K, 9% used [0x0000000640c00000,0x000000064168c7d8,0x0000000647700000)
 Metaspace       used 20869K, capacity 21880K, committed 22144K, reserved 1069056K
  class space    used 2855K, capacity 3095K, committed 3200K, reserved 1048576K
GC Heap History (4 events):
Event: 11.197 GC heap before
{Heap before GC invocations=1 (full 0):
 PSYoungGen      total 114688K, used 64046K [0x0000000740400000, 0x0000000748400000, 0x00000007c0000000)
  eden space 98304K, 65% used [0x0000000740400000,0x000000074428ba50,0x0000000746400000)
  from space 16384K, 0% used [0x0000000747400000,0x0000000747400000,0x0000000748400000)
  to   space 16384K, 0% used [0x0000000746400000,0x0000000746400000,0x0000000747400000)
 ParOldGen       total 262144K, used 0K [0x0000000640c00000, 0x0000000650c00000, 0x0000000740400000)
  object space 262144K, 0% used [0x0000000640c00000,0x0000000640c00000,0x0000000650c00000)
 Metaspace       used 20185K, capacity 21138K, committed 21248K, reserved 1067008K
  class space    used 2759K, capacity 2998K, committed 3072K, reserved 1048576K
Event: 11.205 GC heap after
Heap after GC invocations=1 (full 0):
 PSYoungGen      total 114688K, used 13134K [0x0000000740400000, 0x0000000748400000, 0x00000007c0000000)
  eden space 98304K, 0% used [0x0000000740400000,0x0000000740400000,0x0000000746400000)
  from space 16384K, 80% used [0x0000000746400000,0x00000007470d3bb0,0x0000000747400000)
  to   space 16384K, 0% used [0x0000000747400000,0x0000000747400000,0x0000000748400000)
 ParOldGen       total 262144K, used 88K [0x0000000640c00000, 0x0000000650c00000, 0x0000000740400000)
  object space 262144K, 0% used [0x0000000640c00000,0x0000000640c16010,0x0000000650c00000)
 Metaspace       used 20185K, capacity 21138K, committed 21248K, reserved 1067008K
  class space    used 2759K, capacity 2998K, committed 3072K, reserved 1048576K
}
Event: 11.205 GC heap before
{Heap before GC invocations=2 (full 1):
 PSYoungGen      total 114688K, used 13134K [0x0000000740400000, 0x0000000748400000, 0x00000007c0000000)
  eden space 98304K, 0% used [0x0000000740400000,0x0000000740400000,0x0000000746400000)
  from space 16384K, 80% used [0x0000000746400000,0x00000007470d3bb0,0x0000000747400000)
  to   space 16384K, 0% used [0x0000000747400000,0x0000000747400000,0x0000000748400000)
 ParOldGen       total 262144K, used 88K [0x0000000640c00000, 0x0000000650c00000, 0x0000000740400000)
  object space 262144K, 0% used [0x0000000640c00000,0x0000000640c16010,0x0000000650c00000)
 Metaspace       used 20185K, capacity 21138K, committed 21248K, reserved 1067008K
  class space    used 2759K, capacity 2998K, committed 3072K, reserved 1048576K
Event: 11.229 GC heap after
Heap after GC invocations=2 (full 1):
 PSYoungGen      total 114688K, used 0K [0x0000000740400000, 0x0000000748400000, 0x00000007c0000000)
  eden space 98304K, 0% used [0x0000000740400000,0x0000000740400000,0x0000000746400000)
  from space 16384K, 0% used [0x0000000746400000,0x0000000746400000,0x0000000747400000)
  to   space 16384K, 0% used [0x0000000747400000,0x0000000747400000,0x0000000748400000)
 ParOldGen       total 109568K, used 10801K [0x0000000640c00000, 0x0000000647700000, 0x0000000740400000)
  object space 109568K, 9% used [0x0000000640c00000,0x000000064168c7d8,0x0000000647700000)
 Metaspace       used 20185K, capacity 21138K, committed 21248K, reserved 1067008K
  class space    used 2759K, capacity 2998K, committed 3072K, reserved 1048576K
}

